<?xml version="1.0" encoding="UTF-8"?>
<coverage generated="1788395880394" clover="3.2.0">
  <project timestamp="1788395880394" name="All files">
    <metrics statements="260" coveredstatements="257" conditionals="131" coveredconditionals="117" methods="41" coveredmethods="41" elements="432" coveredelements="415" complexity="0" loc="260" ncloc="260" packages="3" files="8" classes="8"/>
    <package name="__tests__.mocks">
      <metrics statements="185" coveredstatements="185" conditionals="71" coveredconditionals="70" methods="28" coveredmethods="28"/>
      <file name="Auth.middleware.mock.js" path="C:\Users\SnyX\Documents\GitHub\DEV-ATTS\back-end\__tests__\mocks\Auth.middleware.mock.js">
        <metrics statements="15" coveredstatements="15" conditionals="6" coveredconditionals="6" methods="3" coveredmethods="3"/>
        <line num="3" count="1" type="stmt"/>
        <line num="6" count="4" type="stmt"/>
        <line num="7" count="4" type="cond" truecount="2" falsecount="0"/>
        <line num="9" count="4" type="cond" truecount="2" falsecount="0"/>
        <line num="10" count="1" type="stmt"/>
        <line num="13" count="3" type="stmt"/>
        <line num="14" count="3" type="stmt"/>
        <line num="15" count="1" type="stmt"/>
        <line num="16" count="1" type="stmt"/>
        <line num="18" count="2" type="stmt"/>
        <line num="23" count="6" type="stmt"/>
        <line num="24" count="6" type="cond" truecount="2" falsecount="0"/>
        <line num="25" count="1" type="stmt"/>
        <line num="29" count="5" type="stmt"/>
        <line num="33" count="1" type="stmt"/>
      </file>
      <file name="Authcontroller.mock.js" path="C:\Users\SnyX\Documents\GitHub\DEV-ATTS\back-end\__tests__\mocks\Authcontroller.mock.js">
        <metrics statements="20" coveredstatements="20" conditionals="8" coveredconditionals="8" methods="3" coveredmethods="3"/>
        <line num="1" count="1" type="stmt"/>
        <line num="2" count="1" type="stmt"/>
        <line num="6" count="6" type="stmt"/>
        <line num="7" count="6" type="cond" truecount="4" falsecount="0"/>
        <line num="8" count="1" type="stmt"/>
        <line num="10" count="5" type="stmt"/>
        <line num="11" count="5" type="stmt"/>
        <line num="12" count="4" type="stmt"/>
        <line num="13" count="4" type="cond" truecount="2" falsecount="0"/>
        <line num="14" count="3" type="stmt"/>
        <line num="15" count="3" type="cond" truecount="2" falsecount="0"/>
        <line num="16" count="2" type="stmt"/>
        <line num="21" count="2" type="stmt"/>
        <line num="23" count="1" type="stmt"/>
        <line num="28" count="2" type="stmt"/>
        <line num="29" count="2" type="stmt"/>
        <line num="30" count="1" type="stmt"/>
        <line num="32" count="1" type="stmt"/>
        <line num="36" count="8" type="stmt"/>
        <line num="39" count="1" type="stmt"/>
      </file>
      <file name="Estoquecontroller.mock.js" path="C:\Users\SnyX\Documents\GitHub\DEV-ATTS\back-end\__tests__\mocks\Estoquecontroller.mock.js">
        <metrics statements="17" coveredstatements="17" conditionals="4" coveredconditionals="4" methods="4" coveredmethods="4"/>
        <line num="3" count="2" type="stmt"/>
        <line num="4" count="2" type="stmt"/>
        <line num="5" count="1" type="stmt"/>
        <line num="6" count="1" type="stmt"/>
        <line num="10" count="3" type="stmt"/>
        <line num="11" count="3" type="stmt"/>
        <line num="12" count="2" type="stmt"/>
        <line num="13" count="1" type="stmt"/>
        <line num="17" count="5" type="stmt"/>
        <line num="18" count="5" type="cond" truecount="2" falsecount="0"/>
        <line num="19" count="4" type="stmt"/>
        <line num="20" count="4" type="stmt"/>
        <line num="21" count="3" type="cond" truecount="2" falsecount="0"/>
        <line num="22" count="2" type="stmt"/>
        <line num="23" count="1" type="stmt"/>
        <line num="26" count="10" type="stmt"/>
        <line num="29" count="1" type="stmt"/>
      </file>
      <file name="Pedidoscontroller.mock.js" path="C:\Users\SnyX\Documents\GitHub\DEV-ATTS\back-end\__tests__\mocks\Pedidoscontroller.mock.js">
        <metrics statements="66" coveredstatements="66" conditionals="26" coveredconditionals="25" methods="6" coveredmethods="6"/>
        <line num="5" count="3" type="stmt"/>
        <line num="7" count="3" type="cond" truecount="2" falsecount="0"/>
        <line num="8" count="1" type="stmt"/>
        <line num="10" count="2" type="stmt"/>
        <line num="12" count="3" type="stmt"/>
        <line num="13" count="2" type="stmt"/>
        <line num="15" count="1" type="stmt"/>
        <line num="20" count="3" type="stmt"/>
        <line num="21" count="3" type="stmt"/>
        <line num="22" count="3" type="stmt"/>
        <line num="23" count="2" type="cond" truecount="2" falsecount="0"/>
        <line num="24" count="1" type="stmt"/>
        <line num="26" count="1" type="stmt"/>
        <line num="28" count="1" type="stmt"/>
        <line num="33" count="6" type="stmt"/>
        <line num="35" count="6" type="cond" truecount="4" falsecount="0"/>
        <line num="36" count="2" type="stmt"/>
        <line num="39" count="4" type="stmt"/>
        <line num="40" count="4" type="stmt"/>
        <line num="41" count="4" type="stmt"/>
        <line num="43" count="4" type="stmt"/>
        <line num="47" count="4" type="stmt"/>
        <line num="49" count="4" type="stmt"/>
        <line num="50" count="4" type="stmt"/>
        <line num="54" count="4" type="cond" truecount="2" falsecount="0"/>
        <line num="55" count="1" type="stmt"/>
        <line num="56" count="1" type="stmt"/>
        <line num="57" count="1" type="stmt"/>
        <line num="60" count="3" type="stmt"/>
        <line num="62" count="3" type="stmt"/>
        <line num="66" count="3" type="cond" truecount="1" falsecount="1"/>
        <line num="68" count="3" type="cond" truecount="2" falsecount="0"/>
        <line num="69" count="1" type="stmt"/>
        <line num="70" count="1" type="stmt"/>
        <line num="71" count="1" type="stmt"/>
        <line num="74" count="2" type="stmt"/>
        <line num="79" count="2" type="stmt"/>
        <line num="85" count="1" type="stmt"/>
        <line num="87" count="1" type="stmt"/>
        <line num="88" count="1" type="stmt"/>
        <line num="89" count="1" type="stmt"/>
        <line num="91" count="1" type="stmt"/>
        <line num="92" count="1" type="stmt"/>
        <line num="93" count="1" type="stmt"/>
        <line num="98" count="6" type="stmt"/>
        <line num="99" count="6" type="stmt"/>
        <line num="100" count="6" type="stmt"/>
        <line num="102" count="6" type="stmt"/>
        <line num="103" count="6" type="cond" truecount="2" falsecount="0"/>
        <line num="104" count="1" type="stmt"/>
        <line num="107" count="5" type="cond" truecount="4" falsecount="0"/>
        <line num="108" count="1" type="stmt"/>
        <line num="111" count="4" type="stmt"/>
        <line num="116" count="3" type="cond" truecount="2" falsecount="0"/>
        <line num="117" count="1" type="stmt"/>
        <line num="120" count="2" type="stmt"/>
        <line num="122" count="1" type="stmt"/>
        <line num="127" count="3" type="stmt"/>
        <line num="128" count="3" type="stmt"/>
        <line num="129" count="3" type="stmt"/>
        <line num="131" count="2" type="cond" truecount="2" falsecount="0"/>
        <line num="132" count="1" type="stmt"/>
        <line num="135" count="1" type="stmt"/>
        <line num="137" count="1" type="stmt"/>
        <line num="141" count="21" type="stmt"/>
        <line num="144" count="1" type="stmt"/>
      </file>
      <file name="Produtoscontroller.mock.js" path="C:\Users\SnyX\Documents\GitHub\DEV-ATTS\back-end\__tests__\mocks\Produtoscontroller.mock.js">
        <metrics statements="34" coveredstatements="34" conditionals="11" coveredconditionals="11" methods="6" coveredmethods="6"/>
        <line num="3" count="2" type="stmt"/>
        <line num="4" count="2" type="stmt"/>
        <line num="5" count="1" type="stmt"/>
        <line num="6" count="1" type="stmt"/>
        <line num="10" count="3" type="stmt"/>
        <line num="11" count="3" type="stmt"/>
        <line num="12" count="2" type="cond" truecount="2" falsecount="0"/>
        <line num="13" count="1" type="stmt"/>
        <line num="14" count="1" type="stmt"/>
        <line num="18" count="3" type="stmt"/>
        <line num="19" count="3" type="cond" truecount="5" falsecount="0"/>
        <line num="20" count="2" type="stmt"/>
        <line num="21" count="2" type="stmt"/>
        <line num="22" count="2" type="stmt"/>
        <line num="23" count="2" type="stmt"/>
        <line num="24" count="1" type="stmt"/>
        <line num="25" count="1" type="stmt"/>
        <line num="26" count="1" type="stmt"/>
        <line num="28" count="1" type="stmt"/>
        <line num="29" count="1" type="stmt"/>
        <line num="30" count="2" type="stmt"/>
        <line num="34" count="3" type="stmt"/>
        <line num="35" count="3" type="stmt"/>
        <line num="36" count="3" type="stmt"/>
        <line num="37" count="2" type="cond" truecount="2" falsecount="0"/>
        <line num="38" count="1" type="stmt"/>
        <line num="39" count="1" type="stmt"/>
        <line num="43" count="3" type="stmt"/>
        <line num="44" count="3" type="stmt"/>
        <line num="45" count="2" type="cond" truecount="2" falsecount="0"/>
        <line num="46" count="1" type="stmt"/>
        <line num="47" count="1" type="stmt"/>
        <line num="50" count="14" type="stmt"/>
        <line num="53" count="1" type="stmt"/>
      </file>
      <file name="Usuarioscontroller.mock.js" path="C:\Users\SnyX\Documents\GitHub\DEV-ATTS\back-end\__tests__\mocks\Usuarioscontroller.mock.js">
        <metrics statements="33" coveredstatements="33" conditionals="16" coveredconditionals="16" methods="6" coveredmethods="6"/>
        <line num="1" count="1" type="stmt"/>
        <line num="5" count="2" type="stmt"/>
        <line num="6" count="2" type="stmt"/>
        <line num="7" count="1" type="stmt"/>
        <line num="8" count="1" type="stmt"/>
        <line num="12" count="3" type="stmt"/>
        <line num="13" count="3" type="stmt"/>
        <line num="14" count="2" type="cond" truecount="2" falsecount="0"/>
        <line num="15" count="1" type="stmt"/>
        <line num="16" count="1" type="stmt"/>
        <line num="20" count="11" type="stmt"/>
        <line num="21" count="11" type="cond" truecount="6" falsecount="0"/>
        <line num="22" count="7" type="stmt"/>
        <line num="23" count="7" type="cond" truecount="2" falsecount="0"/>
        <line num="24" count="6" type="stmt"/>
        <line num="25" count="6" type="stmt"/>
        <line num="26" count="6" type="stmt"/>
        <line num="27" count="4" type="stmt"/>
        <line num="29" count="2" type="cond" truecount="2" falsecount="0"/>
        <line num="30" count="1" type="stmt"/>
        <line num="35" count="3" type="stmt"/>
        <line num="36" count="3" type="stmt"/>
        <line num="37" count="3" type="stmt"/>
        <line num="38" count="2" type="cond" truecount="2" falsecount="0"/>
        <line num="39" count="1" type="stmt"/>
        <line num="40" count="1" type="stmt"/>
        <line num="44" count="3" type="stmt"/>
        <line num="45" count="3" type="stmt"/>
        <line num="46" count="2" type="cond" truecount="2" falsecount="0"/>
        <line num="47" count="1" type="stmt"/>
        <line num="48" count="1" type="stmt"/>
        <line num="51" count="22" type="stmt"/>
        <line num="54" count="1" type="stmt"/>
      </file>
    </package>
    <package name="src.services">
      <metrics statements="8" coveredstatements="8" conditionals="0" coveredconditionals="0" methods="2" coveredmethods="2"/>
      <file name="CadastroPessoaService.js" path="C:\Users\SnyX\Documents\GitHub\DEV-ATTS\back-end\src\services\CadastroPessoaService.js">
        <metrics statements="8" coveredstatements="8" conditionals="0" coveredconditionals="0" methods="2" coveredmethods="2"/>
        <line num="3" count="2" type="stmt"/>
        <line num="4" count="2" type="stmt"/>
        <line num="5" count="2" type="stmt"/>
        <line num="9" count="2" type="stmt"/>
        <line num="10" count="1" type="stmt"/>
        <line num="11" count="1" type="stmt"/>
        <line num="12" count="1" type="stmt"/>
        <line num="16" count="1" type="stmt"/>
      </file>
    </package>
    <package name="src.validations">
      <metrics statements="67" coveredstatements="64" conditionals="60" coveredconditionals="47" methods="11" coveredmethods="11"/>
      <file name="pessoaFisica.js" path="C:\Users\SnyX\Documents\GitHub\DEV-ATTS\back-end\src\validations\pessoaFisica.js">
        <metrics statements="67" coveredstatements="64" conditionals="60" coveredconditionals="47" methods="11" coveredmethods="11"/>
        <line num="2" count="17" type="stmt"/>
        <line num="6" count="17" type="cond" truecount="1" falsecount="1"/>
        <line num="7" count="17" type="stmt"/>
        <line num="8" count="17" type="cond" truecount="1" falsecount="1"/>
        <line num="9" count="17" type="cond" truecount="4" falsecount="0"/>
        <line num="10" count="13" type="stmt"/>
        <line num="11" count="13" type="cond" truecount="1" falsecount="1"/>
        <line num="12" count="26" type="stmt"/>
        <line num="13" count="13" type="stmt"/>
        <line num="17" count="17" type="cond" truecount="2" falsecount="2"/>
        <line num="18" count="17" type="stmt"/>
        <line num="19" count="17" type="cond" truecount="2" falsecount="0"/>
        <line num="20" count="15" type="cond" truecount="2" falsecount="0"/>
        <line num="22" count="14" type="stmt"/>
        <line num="23" count="28" type="stmt"/>
        <line num="24" count="28" type="stmt"/>
        <line num="25" count="28" type="stmt"/>
        <line num="26" count="266" type="stmt"/>
        <line num="27" count="266" type="stmt"/>
        <line num="29" count="28" type="stmt"/>
        <line num="30" count="28" type="cond" truecount="1" falsecount="1"/>
        <line num="33" count="14" type="stmt"/>
        <line num="34" count="14" type="stmt"/>
        <line num="35" count="14" type="stmt"/>
        <line num="36" count="14" type="stmt"/>
        <line num="40" count="17" type="cond" truecount="1" falsecount="1"/>
        <line num="41" count="17" type="stmt"/>
        <line num="45" count="17" type="cond" truecount="3" falsecount="1"/>
        <line num="46" count="17" type="stmt"/>
        <line num="47" count="17" type="stmt"/>
        <line num="48" count="17" type="cond" truecount="1" falsecount="1"/>
        <line num="53" count="0" type="stmt"/>
        <line num="55" count="17" type="stmt"/>
        <line num="59" count="17" type="stmt"/>
        <line num="61" count="17" type="cond" truecount="3" falsecount="0"/>
        <line num="64" count="17" type="cond" truecount="2" falsecount="0"/>
        <line num="65" count="17" type="stmt"/>
        <line num="69" count="17" type="stmt"/>
        <line num="70" count="17" type="stmt"/>
        <line num="72" count="17" type="cond" truecount="2" falsecount="0"/>
        <line num="73" count="5" type="stmt"/>
        <line num="76" count="17" type="cond" truecount="2" falsecount="0"/>
        <line num="77" count="3" type="stmt"/>
        <line num="80" count="17" type="cond" truecount="2" falsecount="0"/>
        <line num="81" count="2" type="stmt"/>
        <line num="84" count="17" type="stmt"/>
        <line num="85" count="17" type="stmt"/>
        <line num="86" count="17" type="cond" truecount="1" falsecount="1"/>
        <line num="87" count="0" type="stmt"/>
        <line num="88" count="17" type="cond" truecount="1" falsecount="1"/>
        <line num="89" count="0" type="stmt"/>
        <line num="91" count="17" type="stmt"/>
        <line num="92" count="17" type="cond" truecount="2" falsecount="0"/>
        <line num="93" count="1" type="stmt"/>
        <line num="97" count="17" type="cond" truecount="2" falsecount="0"/>
        <line num="98" count="1" type="stmt"/>
        <line num="99" count="16" type="cond" truecount="2" falsecount="0"/>
        <line num="100" count="2" type="cond" truecount="4" falsecount="0"/>
        <line num="101" count="1" type="stmt"/>
        <line num="105" count="17" type="stmt"/>
        <line num="110" count="3" type="stmt"/>
        <line num="111" count="3" type="stmt"/>
        <line num="112" count="3" type="stmt"/>
        <line num="117" count="5" type="stmt"/>
        <line num="118" count="5" type="cond" truecount="2" falsecount="0"/>
        <line num="119" count="3" type="stmt"/>
        <line num="123" count="2" type="stmt"/>
      </file>
    </package>
  </project>
</coverage>
