{"C:\\Users\\SnyX\\Documents\\GitHub\\DEV-ATTS\\back-end\\__tests__\\mocks\\Auth.middleware.mock.js": {"path":"C:\\Users\\SnyX\\Documents\\GitHub\\DEV-ATTS\\back-end\\__tests__\\mocks\\Auth.middleware.mock.js","statementMap":{"0":{"start":{"line":3,"column":12},"end":{"line":3,"column":35}},"1":{"start":{"line":6,"column":21},"end":{"line":6,"column":49}},"2":{"start":{"line":7,"column":16},"end":{"line":7,"column":54}},"3":{"start":{"line":9,"column":2},"end":{"line":11,"column":3}},"4":{"start":{"line":10,"column":4},"end":{"line":10,"column":66}},"5":{"start":{"line":13,"column":2},"end":{"line":19,"column":3}},"6":{"start":{"line":14,"column":20},"end":{"line":14,"column":61}},"7":{"start":{"line":15,"column":4},"end":{"line":15,"column":26}},"8":{"start":{"line":16,"column":4},"end":{"line":16,"column":11}},"9":{"start":{"line":18,"column":4},"end":{"line":18,"column":73}},"10":{"start":{"line":23,"column":2},"end":{"line":30,"column":4}},"11":{"start":{"line":24,"column":4},"end":{"line":28,"column":5}},"12":{"start":{"line":25,"column":6},"end":{"line":27,"column":9}},"13":{"start":{"line":29,"column":4},"end":{"line":29,"column":11}},"14":{"start":{"line":33,"column":0},"end":{"line":33,"column":43}}},"fnMap":{"0":{"name":"autenticar","decl":{"start":{"line":5,"column":9},"end":{"line":5,"column":19}},"loc":{"start":{"line":5,"column":36},"end":{"line":20,"column":1}},"line":5},"1":{"name":"autorizar","decl":{"start":{"line":22,"column":9},"end":{"line":22,"column":18}},"loc":{"start":{"line":22,"column":29},"end":{"line":31,"column":1}},"line":22},"2":{"name":"(anonymous_2)","decl":{"start":{"line":23,"column":9},"end":{"line":23,"column":10}},"loc":{"start":{"line":23,"column":29},"end":{"line":30,"column":3}},"line":23}},"branchMap":{"0":{"loc":{"start":{"line":7,"column":16},"end":{"line":7,"column":54}},"type":"binary-expr","locations":[{"start":{"line":7,"column":16},"end":{"line":7,"column":26}},{"start":{"line":7,"column":30},"end":{"line":7,"column":54}}],"line":7},"1":{"loc":{"start":{"line":9,"column":2},"end":{"line":11,"column":3}},"type":"if","locations":[{"start":{"line":9,"column":2},"end":{"line":11,"column":3}},{"start":{},"end":{}}],"line":9},"2":{"loc":{"start":{"line":24,"column":4},"end":{"line":28,"column":5}},"type":"if","locations":[{"start":{"line":24,"column":4},"end":{"line":28,"column":5}},{"start":{},"end":{}}],"line":24}},"s":{"0":1,"1":4,"2":4,"3":4,"4":1,"5":3,"6":3,"7":1,"8":1,"9":2,"10":6,"11":6,"12":1,"13":5,"14":1},"f":{"0":4,"1":6,"2":6},"b":{"0":[4,3],"1":[1,3],"2":[1,5]},"_coverageSchema":"1a1c01bbd47fc00a2c39e90264f33305004495a9","hash":"4561af32da0bbf2eb54b4e9349f158c00fdfe244"}
,"C:\\Users\\SnyX\\Documents\\GitHub\\DEV-ATTS\\back-end\\__tests__\\mocks\\Authcontroller.mock.js": {"path":"C:\\Users\\SnyX\\Documents\\GitHub\\DEV-ATTS\\back-end\\__tests__\\mocks\\Authcontroller.mock.js","statementMap":{"0":{"start":{"line":1,"column":15},"end":{"line":1,"column":34}},"1":{"start":{"line":2,"column":12},"end":{"line":2,"column":35}},"2":{"start":{"line":6,"column":29},"end":{"line":6,"column":37}},"3":{"start":{"line":7,"column":4},"end":{"line":9,"column":5}},"4":{"start":{"line":8,"column":6},"end":{"line":8,"column":79}},"5":{"start":{"line":10,"column":4},"end":{"line":24,"column":5}},"6":{"start":{"line":11,"column":24},"end":{"line":11,"column":109}},"7":{"start":{"line":12,"column":22},"end":{"line":12,"column":39}},"8":{"start":{"line":13,"column":6},"end":{"line":13,"column":84}},"9":{"start":{"line":13,"column":20},"end":{"line":13,"column":84}},"10":{"start":{"line":14,"column":26},"end":{"line":14,"column":68}},"11":{"start":{"line":15,"column":6},"end":{"line":15,"column":88}},"12":{"start":{"line":15,"column":24},"end":{"line":15,"column":88}},"13":{"start":{"line":16,"column":20},"end":{"line":20,"column":7}},"14":{"start":{"line":21,"column":6},"end":{"line":21,"column":124}},"15":{"start":{"line":23,"column":6},"end":{"line":23,"column":73}},"16":{"start":{"line":28,"column":4},"end":{"line":33,"column":5}},"17":{"start":{"line":29,"column":24},"end":{"line":29,"column":130}},"18":{"start":{"line":30,"column":6},"end":{"line":30,"column":41}},"19":{"start":{"line":32,"column":6},"end":{"line":32,"column":70}},"20":{"start":{"line":36,"column":2},"end":{"line":36,"column":27}},"21":{"start":{"line":39,"column":0},"end":{"line":39,"column":36}}},"fnMap":{"0":{"name":"makeController","decl":{"start":{"line":4,"column":9},"end":{"line":4,"column":23}},"loc":{"start":{"line":4,"column":30},"end":{"line":37,"column":1}},"line":4},"1":{"name":"login","decl":{"start":{"line":5,"column":17},"end":{"line":5,"column":22}},"loc":{"start":{"line":5,"column":33},"end":{"line":25,"column":3}},"line":5},"2":{"name":"perfil","decl":{"start":{"line":27,"column":17},"end":{"line":27,"column":23}},"loc":{"start":{"line":27,"column":34},"end":{"line":34,"column":3}},"line":27}},"branchMap":{"0":{"loc":{"start":{"line":7,"column":4},"end":{"line":9,"column":5}},"type":"if","locations":[{"start":{"line":7,"column":4},"end":{"line":9,"column":5}},{"start":{},"end":{}}],"line":7},"1":{"loc":{"start":{"line":7,"column":8},"end":{"line":7,"column":24}},"type":"binary-expr","locations":[{"start":{"line":7,"column":8},"end":{"line":7,"column":14}},{"start":{"line":7,"column":18},"end":{"line":7,"column":24}}],"line":7},"2":{"loc":{"start":{"line":13,"column":6},"end":{"line":13,"column":84}},"type":"if","locations":[{"start":{"line":13,"column":6},"end":{"line":13,"column":84}},{"start":{},"end":{}}],"line":13},"3":{"loc":{"start":{"line":15,"column":6},"end":{"line":15,"column":88}},"type":"if","locations":[{"start":{"line":15,"column":6},"end":{"line":15,"column":88}},{"start":{},"end":{}}],"line":15}},"s":{"0":1,"1":1,"2":6,"3":6,"4":1,"5":5,"6":5,"7":4,"8":4,"9":1,"10":3,"11":3,"12":1,"13":2,"14":2,"15":1,"16":2,"17":2,"18":1,"19":1,"20":8,"21":1},"f":{"0":8,"1":6,"2":2},"b":{"0":[1,5],"1":[6,5],"2":[1,3],"3":[1,2]},"_coverageSchema":"1a1c01bbd47fc00a2c39e90264f33305004495a9","hash":"39b40b5ceab31d0fa0bcc9a29fd829e344dcdfc4"}
,"C:\\Users\\SnyX\\Documents\\GitHub\\DEV-ATTS\\back-end\\__tests__\\mocks\\Estoquecontroller.mock.js": {"path":"C:\\Users\\SnyX\\Documents\\GitHub\\DEV-ATTS\\back-end\\__tests__\\mocks\\Estoquecontroller.mock.js","statementMap":{"0":{"start":{"line":3,"column":4},"end":{"line":6,"column":87}},"1":{"start":{"line":4,"column":24},"end":{"line":4,"column":161}},"2":{"start":{"line":5,"column":6},"end":{"line":5,"column":38}},"3":{"start":{"line":6,"column":20},"end":{"line":6,"column":85}},"4":{"start":{"line":10,"column":4},"end":{"line":13,"column":93}},"5":{"start":{"line":11,"column":24},"end":{"line":11,"column":213}},"6":{"start":{"line":12,"column":6},"end":{"line":12,"column":38}},"7":{"start":{"line":13,"column":20},"end":{"line":13,"column":91}},"8":{"start":{"line":17,"column":46},"end":{"line":17,"column":54}},"9":{"start":{"line":18,"column":4},"end":{"line":18,"column":101}},"10":{"start":{"line":18,"column":34},"end":{"line":18,"column":101}},"11":{"start":{"line":19,"column":4},"end":{"line":23,"column":90}},"12":{"start":{"line":20,"column":24},"end":{"line":20,"column":241}},"13":{"start":{"line":21,"column":6},"end":{"line":21,"column":95}},"14":{"start":{"line":21,"column":30},"end":{"line":21,"column":95}},"15":{"start":{"line":22,"column":6},"end":{"line":22,"column":41}},"16":{"start":{"line":23,"column":20},"end":{"line":23,"column":88}},"17":{"start":{"line":26,"column":2},"end":{"line":26,"column":44}},"18":{"start":{"line":29,"column":0},"end":{"line":29,"column":36}}},"fnMap":{"0":{"name":"makeController","decl":{"start":{"line":1,"column":9},"end":{"line":1,"column":23}},"loc":{"start":{"line":1,"column":30},"end":{"line":27,"column":1}},"line":1},"1":{"name":"listar","decl":{"start":{"line":2,"column":17},"end":{"line":2,"column":23}},"loc":{"start":{"line":2,"column":34},"end":{"line":7,"column":3}},"line":2},"2":{"name":"listarBaixo","decl":{"start":{"line":9,"column":17},"end":{"line":9,"column":28}},"loc":{"start":{"line":9,"column":39},"end":{"line":14,"column":3}},"line":9},"3":{"name":"atualizar","decl":{"start":{"line":16,"column":17},"end":{"line":16,"column":26}},"loc":{"start":{"line":16,"column":37},"end":{"line":24,"column":3}},"line":16}},"branchMap":{"0":{"loc":{"start":{"line":18,"column":4},"end":{"line":18,"column":101}},"type":"if","locations":[{"start":{"line":18,"column":4},"end":{"line":18,"column":101}},{"start":{},"end":{}}],"line":18},"1":{"loc":{"start":{"line":21,"column":6},"end":{"line":21,"column":95}},"type":"if","locations":[{"start":{"line":21,"column":6},"end":{"line":21,"column":95}},{"start":{},"end":{}}],"line":21}},"s":{"0":2,"1":2,"2":1,"3":1,"4":3,"5":3,"6":2,"7":1,"8":5,"9":5,"10":1,"11":4,"12":4,"13":3,"14":1,"15":2,"16":1,"17":10,"18":1},"f":{"0":10,"1":2,"2":3,"3":5},"b":{"0":[1,4],"1":[1,2]},"_coverageSchema":"1a1c01bbd47fc00a2c39e90264f33305004495a9","hash":"9712632d996251ba0f7755d2c01bb4121f9cc359"}
,"C:\\Users\\SnyX\\Documents\\GitHub\\DEV-ATTS\\back-end\\__tests__\\mocks\\Pedidoscontroller.mock.js": {"path":"C:\\Users\\SnyX\\Documents\\GitHub\\DEV-ATTS\\back-end\\__tests__\\mocks\\Pedidoscontroller.mock.js","statementMap":{"0":{"start":{"line":5,"column":4},"end":{"line":16,"column":5}},"1":{"start":{"line":7,"column":6},"end":{"line":11,"column":7}},"2":{"start":{"line":8,"column":8},"end":{"line":8,"column":83}},"3":{"start":{"line":10,"column":8},"end":{"line":10,"column":40}},"4":{"start":{"line":12,"column":21},"end":{"line":12,"column":44}},"5":{"start":{"line":13,"column":6},"end":{"line":13,"column":35}},"6":{"start":{"line":15,"column":6},"end":{"line":15,"column":70}},"7":{"start":{"line":20,"column":4},"end":{"line":29,"column":5}},"8":{"start":{"line":21,"column":21},"end":{"line":21,"column":31}},"9":{"start":{"line":22,"column":21},"end":{"line":22,"column":82}},"10":{"start":{"line":23,"column":6},"end":{"line":25,"column":7}},"11":{"start":{"line":24,"column":8},"end":{"line":24,"column":71}},"12":{"start":{"line":26,"column":6},"end":{"line":26,"column":38}},"13":{"start":{"line":28,"column":6},"end":{"line":28,"column":69}},"14":{"start":{"line":33,"column":34},"end":{"line":33,"column":42}},"15":{"start":{"line":35,"column":4},"end":{"line":37,"column":5}},"16":{"start":{"line":36,"column":6},"end":{"line":36,"column":70}},"17":{"start":{"line":39,"column":19},"end":{"line":39,"column":39}},"18":{"start":{"line":40,"column":4},"end":{"line":94,"column":5}},"19":{"start":{"line":41,"column":6},"end":{"line":41,"column":34}},"20":{"start":{"line":43,"column":27},"end":{"line":46,"column":7}},"21":{"start":{"line":47,"column":23},"end":{"line":47,"column":46}},"22":{"start":{"line":49,"column":6},"end":{"line":83,"column":7}},"23":{"start":{"line":50,"column":30},"end":{"line":53,"column":9}},"24":{"start":{"line":54,"column":8},"end":{"line":58,"column":9}},"25":{"start":{"line":55,"column":10},"end":{"line":55,"column":41}},"26":{"start":{"line":56,"column":10},"end":{"line":56,"column":27}},"27":{"start":{"line":57,"column":10},"end":{"line":57,"column":85}},"28":{"start":{"line":60,"column":24},"end":{"line":60,"column":45}},"29":{"start":{"line":62,"column":30},"end":{"line":65,"column":9}},"30":{"start":{"line":66,"column":29},"end":{"line":66,"column":67}},"31":{"start":{"line":68,"column":8},"end":{"line":72,"column":9}},"32":{"start":{"line":69,"column":10},"end":{"line":69,"column":41}},"33":{"start":{"line":70,"column":10},"end":{"line":70,"column":27}},"34":{"start":{"line":71,"column":10},"end":{"line":71,"column":103}},"35":{"start":{"line":74,"column":8},"end":{"line":77,"column":10}},"36":{"start":{"line":79,"column":8},"end":{"line":82,"column":10}},"37":{"start":{"line":85,"column":6},"end":{"line":85,"column":35}},"38":{"start":{"line":87,"column":26},"end":{"line":87,"column":93}},"39":{"start":{"line":88,"column":6},"end":{"line":88,"column":23}},"40":{"start":{"line":89,"column":6},"end":{"line":89,"column":55}},"41":{"start":{"line":91,"column":6},"end":{"line":91,"column":37}},"42":{"start":{"line":92,"column":6},"end":{"line":92,"column":23}},"43":{"start":{"line":93,"column":6},"end":{"line":93,"column":68}},"44":{"start":{"line":98,"column":4},"end":{"line":123,"column":5}},"45":{"start":{"line":99,"column":21},"end":{"line":99,"column":31}},"46":{"start":{"line":100,"column":25},"end":{"line":100,"column":33}},"47":{"start":{"line":102,"column":28},"end":{"line":102,"column":89}},"48":{"start":{"line":103,"column":6},"end":{"line":105,"column":7}},"49":{"start":{"line":104,"column":8},"end":{"line":104,"column":65}},"50":{"start":{"line":107,"column":6},"end":{"line":109,"column":7}},"51":{"start":{"line":108,"column":8},"end":{"line":108,"column":88}},"52":{"start":{"line":111,"column":21},"end":{"line":114,"column":7}},"53":{"start":{"line":116,"column":6},"end":{"line":118,"column":7}},"54":{"start":{"line":117,"column":8},"end":{"line":117,"column":71}},"55":{"start":{"line":120,"column":6},"end":{"line":120,"column":38}},"56":{"start":{"line":122,"column":6},"end":{"line":122,"column":72}},"57":{"start":{"line":127,"column":4},"end":{"line":138,"column":5}},"58":{"start":{"line":128,"column":21},"end":{"line":128,"column":31}},"59":{"start":{"line":129,"column":21},"end":{"line":129,"column":92}},"60":{"start":{"line":131,"column":6},"end":{"line":133,"column":7}},"61":{"start":{"line":132,"column":8},"end":{"line":132,"column":71}},"62":{"start":{"line":135,"column":6},"end":{"line":135,"column":67}},"63":{"start":{"line":137,"column":6},"end":{"line":137,"column":70}},"64":{"start":{"line":141,"column":2},"end":{"line":141,"column":66}},"65":{"start":{"line":144,"column":0},"end":{"line":144,"column":36}}},"fnMap":{"0":{"name":"makeController","decl":{"start":{"line":3,"column":9},"end":{"line":3,"column":23}},"loc":{"start":{"line":3,"column":30},"end":{"line":142,"column":1}},"line":3},"1":{"name":"listar","decl":{"start":{"line":4,"column":17},"end":{"line":4,"column":23}},"loc":{"start":{"line":4,"column":34},"end":{"line":17,"column":3}},"line":4},"2":{"name":"buscarPorId","decl":{"start":{"line":19,"column":17},"end":{"line":19,"column":28}},"loc":{"start":{"line":19,"column":39},"end":{"line":30,"column":3}},"line":19},"3":{"name":"criar","decl":{"start":{"line":32,"column":17},"end":{"line":32,"column":22}},"loc":{"start":{"line":32,"column":33},"end":{"line":95,"column":3}},"line":32},"4":{"name":"atualizarStatus","decl":{"start":{"line":97,"column":17},"end":{"line":97,"column":32}},"loc":{"start":{"line":97,"column":43},"end":{"line":124,"column":3}},"line":97},"5":{"name":"remover","decl":{"start":{"line":126,"column":17},"end":{"line":126,"column":24}},"loc":{"start":{"line":126,"column":35},"end":{"line":139,"column":3}},"line":126}},"branchMap":{"0":{"loc":{"start":{"line":7,"column":6},"end":{"line":11,"column":7}},"type":"if","locations":[{"start":{"line":7,"column":6},"end":{"line":11,"column":7}},{"start":{"line":9,"column":13},"end":{"line":11,"column":7}}],"line":7},"1":{"loc":{"start":{"line":23,"column":6},"end":{"line":25,"column":7}},"type":"if","locations":[{"start":{"line":23,"column":6},"end":{"line":25,"column":7}},{"start":{},"end":{}}],"line":23},"2":{"loc":{"start":{"line":35,"column":4},"end":{"line":37,"column":5}},"type":"if","locations":[{"start":{"line":35,"column":4},"end":{"line":37,"column":5}},{"start":{},"end":{}}],"line":35},"3":{"loc":{"start":{"line":35,"column":8},"end":{"line":35,"column":36}},"type":"binary-expr","locations":[{"start":{"line":35,"column":8},"end":{"line":35,"column":14}},{"start":{"line":35,"column":18},"end":{"line":35,"column":36}}],"line":35},"4":{"loc":{"start":{"line":45,"column":37},"end":{"line":45,"column":55}},"type":"binary-expr","locations":[{"start":{"line":45,"column":37},"end":{"line":45,"column":47}},{"start":{"line":45,"column":51},"end":{"line":45,"column":55}}],"line":45},"5":{"loc":{"start":{"line":54,"column":8},"end":{"line":58,"column":9}},"type":"if","locations":[{"start":{"line":54,"column":8},"end":{"line":58,"column":9}},{"start":{},"end":{}}],"line":54},"6":{"loc":{"start":{"line":66,"column":29},"end":{"line":66,"column":67}},"type":"binary-expr","locations":[{"start":{"line":66,"column":29},"end":{"line":66,"column":62}},{"start":{"line":66,"column":66},"end":{"line":66,"column":67}}],"line":66},"7":{"loc":{"start":{"line":68,"column":8},"end":{"line":72,"column":9}},"type":"if","locations":[{"start":{"line":68,"column":8},"end":{"line":72,"column":9}},{"start":{},"end":{}}],"line":68},"8":{"loc":{"start":{"line":103,"column":6},"end":{"line":105,"column":7}},"type":"if","locations":[{"start":{"line":103,"column":6},"end":{"line":105,"column":7}},{"start":{},"end":{}}],"line":103},"9":{"loc":{"start":{"line":107,"column":6},"end":{"line":109,"column":7}},"type":"if","locations":[{"start":{"line":107,"column":6},"end":{"line":109,"column":7}},{"start":{},"end":{}}],"line":107},"10":{"loc":{"start":{"line":107,"column":10},"end":{"line":107,"column":66}},"type":"binary-expr","locations":[{"start":{"line":107,"column":10},"end":{"line":107,"column":32}},{"start":{"line":107,"column":36},"end":{"line":107,"column":66}}],"line":107},"11":{"loc":{"start":{"line":116,"column":6},"end":{"line":118,"column":7}},"type":"if","locations":[{"start":{"line":116,"column":6},"end":{"line":118,"column":7}},{"start":{},"end":{}}],"line":116},"12":{"loc":{"start":{"line":131,"column":6},"end":{"line":133,"column":7}},"type":"if","locations":[{"start":{"line":131,"column":6},"end":{"line":133,"column":7}},{"start":{},"end":{}}],"line":131}},"s":{"0":3,"1":3,"2":1,"3":2,"4":3,"5":2,"6":1,"7":3,"8":3,"9":3,"10":2,"11":1,"12":1,"13":1,"14":6,"15":6,"16":2,"17":4,"18":4,"19":4,"20":4,"21":4,"22":4,"23":4,"24":4,"25":1,"26":1,"27":1,"28":3,"29":3,"30":3,"31":3,"32":1,"33":1,"34":1,"35":2,"36":2,"37":1,"38":1,"39":1,"40":1,"41":1,"42":1,"43":1,"44":6,"45":6,"46":6,"47":6,"48":6,"49":1,"50":5,"51":1,"52":4,"53":3,"54":1,"55":2,"56":1,"57":3,"58":3,"59":3,"60":2,"61":1,"62":1,"63":1,"64":21,"65":1},"f":{"0":21,"1":3,"2":3,"3":6,"4":6,"5":3},"b":{"0":[1,2],"1":[1,1],"2":[2,4],"3":[6,5],"4":[4,3],"5":[1,3],"6":[3,0],"7":[1,2],"8":[1,5],"9":[1,4],"10":[5,2],"11":[1,2],"12":[1,1]},"_coverageSchema":"1a1c01bbd47fc00a2c39e90264f33305004495a9","hash":"282a5109bea9ea903737a8d91d815ff5d1d26c52"}
,"C:\\Users\\SnyX\\Documents\\GitHub\\DEV-ATTS\\back-end\\__tests__\\mocks\\Produtoscontroller.mock.js": {"path":"C:\\Users\\SnyX\\Documents\\GitHub\\DEV-ATTS\\back-end\\__tests__\\mocks\\Produtoscontroller.mock.js","statementMap":{"0":{"start":{"line":3,"column":4},"end":{"line":6,"column":88}},"1":{"start":{"line":4,"column":24},"end":{"line":4,"column":188}},"2":{"start":{"line":5,"column":6},"end":{"line":5,"column":38}},"3":{"start":{"line":6,"column":20},"end":{"line":6,"column":86}},"4":{"start":{"line":10,"column":4},"end":{"line":14,"column":87}},"5":{"start":{"line":11,"column":24},"end":{"line":11,"column":171}},"6":{"start":{"line":12,"column":6},"end":{"line":12,"column":95}},"7":{"start":{"line":12,"column":30},"end":{"line":12,"column":95}},"8":{"start":{"line":13,"column":6},"end":{"line":13,"column":41}},"9":{"start":{"line":14,"column":20},"end":{"line":14,"column":85}},"10":{"start":{"line":18,"column":50},"end":{"line":18,"column":58}},"11":{"start":{"line":19,"column":4},"end":{"line":19,"column":122}},"12":{"start":{"line":19,"column":39},"end":{"line":19,"column":122}},"13":{"start":{"line":20,"column":19},"end":{"line":20,"column":39}},"14":{"start":{"line":21,"column":4},"end":{"line":30,"column":35}},"15":{"start":{"line":22,"column":6},"end":{"line":22,"column":34}},"16":{"start":{"line":23,"column":22},"end":{"line":23,"column":173}},"17":{"start":{"line":24,"column":6},"end":{"line":24,"column":132}},"18":{"start":{"line":25,"column":6},"end":{"line":25,"column":35}},"19":{"start":{"line":26,"column":6},"end":{"line":26,"column":51}},"20":{"start":{"line":28,"column":6},"end":{"line":28,"column":37}},"21":{"start":{"line":29,"column":6},"end":{"line":29,"column":70}},"22":{"start":{"line":30,"column":16},"end":{"line":30,"column":33}},"23":{"start":{"line":34,"column":57},"end":{"line":34,"column":65}},"24":{"start":{"line":35,"column":4},"end":{"line":39,"column":90}},"25":{"start":{"line":36,"column":24},"end":{"line":36,"column":306}},"26":{"start":{"line":37,"column":6},"end":{"line":37,"column":95}},"27":{"start":{"line":37,"column":30},"end":{"line":37,"column":95}},"28":{"start":{"line":38,"column":6},"end":{"line":38,"column":41}},"29":{"start":{"line":39,"column":20},"end":{"line":39,"column":88}},"30":{"start":{"line":43,"column":4},"end":{"line":47,"column":88}},"31":{"start":{"line":44,"column":24},"end":{"line":44,"column":108}},"32":{"start":{"line":45,"column":6},"end":{"line":45,"column":95}},"33":{"start":{"line":45,"column":30},"end":{"line":45,"column":95}},"34":{"start":{"line":46,"column":6},"end":{"line":46,"column":69}},"35":{"start":{"line":47,"column":20},"end":{"line":47,"column":86}},"36":{"start":{"line":50,"column":2},"end":{"line":50,"column":60}},"37":{"start":{"line":53,"column":0},"end":{"line":53,"column":36}}},"fnMap":{"0":{"name":"makeController","decl":{"start":{"line":1,"column":9},"end":{"line":1,"column":23}},"loc":{"start":{"line":1,"column":30},"end":{"line":51,"column":1}},"line":1},"1":{"name":"listar","decl":{"start":{"line":2,"column":17},"end":{"line":2,"column":23}},"loc":{"start":{"line":2,"column":34},"end":{"line":7,"column":3}},"line":2},"2":{"name":"buscarPorId","decl":{"start":{"line":9,"column":17},"end":{"line":9,"column":28}},"loc":{"start":{"line":9,"column":39},"end":{"line":15,"column":3}},"line":9},"3":{"name":"criar","decl":{"start":{"line":17,"column":17},"end":{"line":17,"column":22}},"loc":{"start":{"line":17,"column":33},"end":{"line":31,"column":3}},"line":17},"4":{"name":"atualizar","decl":{"start":{"line":33,"column":17},"end":{"line":33,"column":26}},"loc":{"start":{"line":33,"column":37},"end":{"line":40,"column":3}},"line":33},"5":{"name":"remover","decl":{"start":{"line":42,"column":17},"end":{"line":42,"column":24}},"loc":{"start":{"line":42,"column":35},"end":{"line":48,"column":3}},"line":42}},"branchMap":{"0":{"loc":{"start":{"line":12,"column":6},"end":{"line":12,"column":95}},"type":"if","locations":[{"start":{"line":12,"column":6},"end":{"line":12,"column":95}},{"start":{},"end":{}}],"line":12},"1":{"loc":{"start":{"line":19,"column":4},"end":{"line":19,"column":122}},"type":"if","locations":[{"start":{"line":19,"column":4},"end":{"line":19,"column":122}},{"start":{},"end":{}}],"line":19},"2":{"loc":{"start":{"line":19,"column":8},"end":{"line":19,"column":37}},"type":"binary-expr","locations":[{"start":{"line":19,"column":8},"end":{"line":19,"column":13}},{"start":{"line":19,"column":17},"end":{"line":19,"column":23}},{"start":{"line":19,"column":27},"end":{"line":19,"column":37}}],"line":19},"3":{"loc":{"start":{"line":37,"column":6},"end":{"line":37,"column":95}},"type":"if","locations":[{"start":{"line":37,"column":6},"end":{"line":37,"column":95}},{"start":{},"end":{}}],"line":37},"4":{"loc":{"start":{"line":45,"column":6},"end":{"line":45,"column":95}},"type":"if","locations":[{"start":{"line":45,"column":6},"end":{"line":45,"column":95}},{"start":{},"end":{}}],"line":45}},"s":{"0":2,"1":2,"2":1,"3":1,"4":3,"5":3,"6":2,"7":1,"8":1,"9":1,"10":3,"11":3,"12":1,"13":2,"14":2,"15":2,"16":2,"17":1,"18":1,"19":1,"20":1,"21":1,"22":2,"23":3,"24":3,"25":3,"26":2,"27":1,"28":1,"29":1,"30":3,"31":3,"32":2,"33":1,"34":1,"35":1,"36":14,"37":1},"f":{"0":14,"1":2,"2":3,"3":3,"4":3,"5":3},"b":{"0":[1,1],"1":[1,2],"2":[3,2,2],"3":[1,1],"4":[1,1]},"_coverageSchema":"1a1c01bbd47fc00a2c39e90264f33305004495a9","hash":"9ef74606cd45db4156782b4dac751edc3c4c9bd9"}
,"C:\\Users\\SnyX\\Documents\\GitHub\\DEV-ATTS\\back-end\\__tests__\\mocks\\Usuarioscontroller.mock.js": {"path":"C:\\Users\\SnyX\\Documents\\GitHub\\DEV-ATTS\\back-end\\__tests__\\mocks\\Usuarioscontroller.mock.js","statementMap":{"0":{"start":{"line":1,"column":15},"end":{"line":1,"column":34}},"1":{"start":{"line":5,"column":4},"end":{"line":8,"column":88}},"2":{"start":{"line":6,"column":24},"end":{"line":6,"column":117}},"3":{"start":{"line":7,"column":6},"end":{"line":7,"column":38}},"4":{"start":{"line":8,"column":20},"end":{"line":8,"column":86}},"5":{"start":{"line":12,"column":4},"end":{"line":16,"column":87}},"6":{"start":{"line":13,"column":24},"end":{"line":13,"column":136}},"7":{"start":{"line":14,"column":6},"end":{"line":14,"column":95}},"8":{"start":{"line":14,"column":30},"end":{"line":14,"column":95}},"9":{"start":{"line":15,"column":6},"end":{"line":15,"column":41}},"10":{"start":{"line":16,"column":20},"end":{"line":16,"column":85}},"11":{"start":{"line":20,"column":41},"end":{"line":20,"column":49}},"12":{"start":{"line":21,"column":4},"end":{"line":21,"column":119}},"13":{"start":{"line":21,"column":44},"end":{"line":21,"column":119}},"14":{"start":{"line":22,"column":25},"end":{"line":22,"column":63}},"15":{"start":{"line":23,"column":4},"end":{"line":23,"column":133}},"16":{"start":{"line":23,"column":38},"end":{"line":23,"column":133}},"17":{"start":{"line":24,"column":4},"end":{"line":31,"column":5}},"18":{"start":{"line":25,"column":24},"end":{"line":25,"column":52}},"19":{"start":{"line":26,"column":24},"end":{"line":26,"column":198}},"20":{"start":{"line":27,"column":6},"end":{"line":27,"column":53}},"21":{"start":{"line":29,"column":6},"end":{"line":29,"column":94}},"22":{"start":{"line":29,"column":32},"end":{"line":29,"column":94}},"23":{"start":{"line":30,"column":6},"end":{"line":30,"column":70}},"24":{"start":{"line":35,"column":41},"end":{"line":35,"column":49}},"25":{"start":{"line":36,"column":4},"end":{"line":40,"column":90}},"26":{"start":{"line":37,"column":24},"end":{"line":37,"column":270}},"27":{"start":{"line":38,"column":6},"end":{"line":38,"column":95}},"28":{"start":{"line":38,"column":30},"end":{"line":38,"column":95}},"29":{"start":{"line":39,"column":6},"end":{"line":39,"column":41}},"30":{"start":{"line":40,"column":20},"end":{"line":40,"column":88}},"31":{"start":{"line":44,"column":4},"end":{"line":48,"column":88}},"32":{"start":{"line":45,"column":24},"end":{"line":45,"column":108}},"33":{"start":{"line":46,"column":6},"end":{"line":46,"column":95}},"34":{"start":{"line":46,"column":30},"end":{"line":46,"column":95}},"35":{"start":{"line":47,"column":6},"end":{"line":47,"column":69}},"36":{"start":{"line":48,"column":20},"end":{"line":48,"column":86}},"37":{"start":{"line":51,"column":2},"end":{"line":51,"column":60}},"38":{"start":{"line":54,"column":0},"end":{"line":54,"column":36}}},"fnMap":{"0":{"name":"makeController","decl":{"start":{"line":3,"column":9},"end":{"line":3,"column":23}},"loc":{"start":{"line":3,"column":30},"end":{"line":52,"column":1}},"line":3},"1":{"name":"listar","decl":{"start":{"line":4,"column":17},"end":{"line":4,"column":23}},"loc":{"start":{"line":4,"column":34},"end":{"line":9,"column":3}},"line":4},"2":{"name":"buscarPorId","decl":{"start":{"line":11,"column":17},"end":{"line":11,"column":28}},"loc":{"start":{"line":11,"column":39},"end":{"line":17,"column":3}},"line":11},"3":{"name":"criar","decl":{"start":{"line":19,"column":17},"end":{"line":19,"column":22}},"loc":{"start":{"line":19,"column":33},"end":{"line":32,"column":3}},"line":19},"4":{"name":"atualizar","decl":{"start":{"line":34,"column":17},"end":{"line":34,"column":26}},"loc":{"start":{"line":34,"column":37},"end":{"line":41,"column":3}},"line":34},"5":{"name":"remover","decl":{"start":{"line":43,"column":17},"end":{"line":43,"column":24}},"loc":{"start":{"line":43,"column":35},"end":{"line":49,"column":3}},"line":43}},"branchMap":{"0":{"loc":{"start":{"line":14,"column":6},"end":{"line":14,"column":95}},"type":"if","locations":[{"start":{"line":14,"column":6},"end":{"line":14,"column":95}},{"start":{},"end":{}}],"line":14},"1":{"loc":{"start":{"line":21,"column":4},"end":{"line":21,"column":119}},"type":"if","locations":[{"start":{"line":21,"column":4},"end":{"line":21,"column":119}},{"start":{},"end":{}}],"line":21},"2":{"loc":{"start":{"line":21,"column":8},"end":{"line":21,"column":42}},"type":"binary-expr","locations":[{"start":{"line":21,"column":8},"end":{"line":21,"column":13}},{"start":{"line":21,"column":17},"end":{"line":21,"column":23}},{"start":{"line":21,"column":27},"end":{"line":21,"column":33}},{"start":{"line":21,"column":37},"end":{"line":21,"column":42}}],"line":21},"3":{"loc":{"start":{"line":23,"column":4},"end":{"line":23,"column":133}},"type":"if","locations":[{"start":{"line":23,"column":4},"end":{"line":23,"column":133}},{"start":{},"end":{}}],"line":23},"4":{"loc":{"start":{"line":29,"column":6},"end":{"line":29,"column":94}},"type":"if","locations":[{"start":{"line":29,"column":6},"end":{"line":29,"column":94}},{"start":{},"end":{}}],"line":29},"5":{"loc":{"start":{"line":38,"column":6},"end":{"line":38,"column":95}},"type":"if","locations":[{"start":{"line":38,"column":6},"end":{"line":38,"column":95}},{"start":{},"end":{}}],"line":38},"6":{"loc":{"start":{"line":46,"column":6},"end":{"line":46,"column":95}},"type":"if","locations":[{"start":{"line":46,"column":6},"end":{"line":46,"column":95}},{"start":{},"end":{}}],"line":46}},"s":{"0":1,"1":2,"2":2,"3":1,"4":1,"5":3,"6":3,"7":2,"8":1,"9":1,"10":1,"11":11,"12":11,"13":4,"14":7,"15":7,"16":1,"17":6,"18":6,"19":6,"20":4,"21":2,"22":1,"23":1,"24":3,"25":3,"26":3,"27":2,"28":1,"29":1,"30":1,"31":3,"32":3,"33":2,"34":1,"35":1,"36":1,"37":22,"38":1},"f":{"0":22,"1":2,"2":3,"3":11,"4":3,"5":3},"b":{"0":[1,1],"1":[4,7],"2":[11,10,9,8],"3":[1,6],"4":[1,1],"5":[1,1],"6":[1,1]},"_coverageSchema":"1a1c01bbd47fc00a2c39e90264f33305004495a9","hash":"8e3eb061b390a7bcb490f14f1d1d8bf57741c703"}
,"C:\\Users\\SnyX\\Documents\\GitHub\\DEV-ATTS\\back-end\\src\\services\\CadastroPessoaService.js": {"path":"C:\\Users\\SnyX\\Documents\\GitHub\\DEV-ATTS\\back-end\\src\\services\\CadastroPessoaService.js","statementMap":{"0":{"start":{"line":3,"column":4},"end":{"line":3,"column":35}},"1":{"start":{"line":4,"column":4},"end":{"line":4,"column":35}},"2":{"start":{"line":5,"column":4},"end":{"line":5,"column":53}},"3":{"start":{"line":9,"column":4},"end":{"line":9,"column":38}},"4":{"start":{"line":10,"column":24},"end":{"line":10,"column":55}},"5":{"start":{"line":11,"column":4},"end":{"line":11,"column":44}},"6":{"start":{"line":12,"column":4},"end":{"line":12,"column":23}},"7":{"start":{"line":16,"column":0},"end":{"line":16,"column":43}}},"fnMap":{"0":{"name":"(anonymous_0)","decl":{"start":{"line":2,"column":2},"end":{"line":2,"column":3}},"loc":{"start":{"line":2,"column":66},"end":{"line":6,"column":3}},"line":2},"1":{"name":"(anonymous_1)","decl":{"start":{"line":8,"column":2},"end":{"line":8,"column":3}},"loc":{"start":{"line":8,"column":20},"end":{"line":13,"column":3}},"line":8}},"branchMap":{},"s":{"0":2,"1":2,"2":2,"3":2,"4":1,"5":1,"6":1,"7":1},"f":{"0":2,"1":2},"b":{},"_coverageSchema":"1a1c01bbd47fc00a2c39e90264f33305004495a9","hash":"87f91814c3955cde7cd75297d862962031581139"}
,"C:\\Users\\SnyX\\Documents\\GitHub\\DEV-ATTS\\back-end\\src\\validations\\pessoaFisica.js": {"path":"C:\\Users\\SnyX\\Documents\\GitHub\\DEV-ATTS\\back-end\\src\\validations\\pessoaFisica.js","statementMap":{"0":{"start":{"line":2,"column":2},"end":{"line":2,"column":42}},"1":{"start":{"line":6,"column":2},"end":{"line":6,"column":45}},"2":{"start":{"line":6,"column":32},"end":{"line":6,"column":45}},"3":{"start":{"line":7,"column":16},"end":{"line":7,"column":27}},"4":{"start":{"line":8,"column":2},"end":{"line":8,"column":35}},"5":{"start":{"line":8,"column":22},"end":{"line":8,"column":35}},"6":{"start":{"line":9,"column":2},"end":{"line":9,"column":58}},"7":{"start":{"line":9,"column":45},"end":{"line":9,"column":58}},"8":{"start":{"line":10,"column":26},"end":{"line":10,"column":51}},"9":{"start":{"line":11,"column":2},"end":{"line":11,"column":49}},"10":{"start":{"line":11,"column":36},"end":{"line":11,"column":49}},"11":{"start":{"line":12,"column":19},"end":{"line":12,"column":87}},"12":{"start":{"line":12,"column":52},"end":{"line":12,"column":86}},"13":{"start":{"line":13,"column":2},"end":{"line":13,"column":30}},"14":{"start":{"line":17,"column":2},"end":{"line":17,"column":71}},"15":{"start":{"line":17,"column":58},"end":{"line":17,"column":71}},"16":{"start":{"line":18,"column":18},"end":{"line":18,"column":36}},"17":{"start":{"line":19,"column":2},"end":{"line":19,"column":42}},"18":{"start":{"line":19,"column":29},"end":{"line":19,"column":42}},"19":{"start":{"line":20,"column":2},"end":{"line":20,"column":49}},"20":{"start":{"line":20,"column":36},"end":{"line":20,"column":49}},"21":{"start":{"line":22,"column":25},"end":{"line":31,"column":3}},"22":{"start":{"line":23,"column":15},"end":{"line":23,"column":16}},"23":{"start":{"line":24,"column":15},"end":{"line":24,"column":30}},"24":{"start":{"line":25,"column":4},"end":{"line":28,"column":5}},"25":{"start":{"line":26,"column":6},"end":{"line":26,"column":31}},"26":{"start":{"line":27,"column":6},"end":{"line":27,"column":16}},"27":{"start":{"line":29,"column":18},"end":{"line":29,"column":27}},"28":{"start":{"line":30,"column":4},"end":{"line":30,"column":38}},"29":{"start":{"line":33,"column":15},"end":{"line":33,"column":34}},"30":{"start":{"line":34,"column":13},"end":{"line":34,"column":33}},"31":{"start":{"line":35,"column":13},"end":{"line":35,"column":38}},"32":{"start":{"line":36,"column":2},"end":{"line":36,"column":52}},"33":{"start":{"line":40,"column":2},"end":{"line":40,"column":46}},"34":{"start":{"line":40,"column":33},"end":{"line":40,"column":46}},"35":{"start":{"line":41,"column":2},"end":{"line":41,"column":50}},"36":{"start":{"line":45,"column":2},"end":{"line":45,"column":83}},"37":{"start":{"line":45,"column":71},"end":{"line":45,"column":83}},"38":{"start":{"line":46,"column":26},"end":{"line":46,"column":54}},"39":{"start":{"line":47,"column":15},"end":{"line":47,"column":52}},"40":{"start":{"line":48,"column":2},"end":{"line":54,"column":3}},"41":{"start":{"line":53,"column":4},"end":{"line":53,"column":16}},"42":{"start":{"line":55,"column":2},"end":{"line":55,"column":14}},"43":{"start":{"line":59,"column":14},"end":{"line":59,"column":69}},"44":{"start":{"line":61,"column":4},"end":{"line":63,"column":54}},"45":{"start":{"line":64,"column":2},"end":{"line":64,"column":41}},"46":{"start":{"line":64,"column":30},"end":{"line":64,"column":41}},"47":{"start":{"line":65,"column":2},"end":{"line":65,"column":15}},"48":{"start":{"line":69,"column":16},"end":{"line":69,"column":18}},"49":{"start":{"line":70,"column":15},"end":{"line":70,"column":25}},"50":{"start":{"line":72,"column":2},"end":{"line":74,"column":3}},"51":{"start":{"line":73,"column":4},"end":{"line":73,"column":49}},"52":{"start":{"line":76,"column":2},"end":{"line":78,"column":3}},"53":{"start":{"line":77,"column":4},"end":{"line":77,"column":32}},"54":{"start":{"line":80,"column":2},"end":{"line":82,"column":3}},"55":{"start":{"line":81,"column":4},"end":{"line":81,"column":34}},"56":{"start":{"line":84,"column":25},"end":{"line":84,"column":61}},"57":{"start":{"line":85,"column":14},"end":{"line":85,"column":18}},"58":{"start":{"line":86,"column":2},"end":{"line":95,"column":3}},"59":{"start":{"line":87,"column":4},"end":{"line":87,"column":44}},"60":{"start":{"line":88,"column":9},"end":{"line":95,"column":3}},"61":{"start":{"line":89,"column":4},"end":{"line":89,"column":60}},"62":{"start":{"line":91,"column":4},"end":{"line":91,"column":48}},"63":{"start":{"line":92,"column":4},"end":{"line":94,"column":5}},"64":{"start":{"line":93,"column":6},"end":{"line":93,"column":61}},"65":{"start":{"line":97,"column":2},"end":{"line":103,"column":3}},"66":{"start":{"line":98,"column":4},"end":{"line":98,"column":52}},"67":{"start":{"line":99,"column":9},"end":{"line":103,"column":3}},"68":{"start":{"line":100,"column":4},"end":{"line":102,"column":5}},"69":{"start":{"line":101,"column":6},"end":{"line":101,"column":55}},"70":{"start":{"line":105,"column":2},"end":{"line":105,"column":15}},"71":{"start":{"line":110,"column":4},"end":{"line":110,"column":50}},"72":{"start":{"line":111,"column":4},"end":{"line":111,"column":38}},"73":{"start":{"line":112,"column":4},"end":{"line":112,"column":23}},"74":{"start":{"line":117,"column":16},"end":{"line":117,"column":31}},"75":{"start":{"line":118,"column":2},"end":{"line":120,"column":3}},"76":{"start":{"line":119,"column":4},"end":{"line":119,"column":41}},"77":{"start":{"line":123,"column":0},"end":{"line":123,"column":93}}},"fnMap":{"0":{"name":"apenasDigitos","decl":{"start":{"line":1,"column":9},"end":{"line":1,"column":22}},"loc":{"start":{"line":1,"column":30},"end":{"line":3,"column":1}},"line":1},"1":{"name":"validarNome","decl":{"start":{"line":5,"column":9},"end":{"line":5,"column":20}},"loc":{"start":{"line":5,"column":27},"end":{"line":14,"column":1}},"line":5},"2":{"name":"(anonymous_2)","decl":{"start":{"line":12,"column":45},"end":{"line":12,"column":46}},"loc":{"start":{"line":12,"column":52},"end":{"line":12,"column":86}},"line":12},"3":{"name":"validarCPF","decl":{"start":{"line":16,"column":9},"end":{"line":16,"column":19}},"loc":{"start":{"line":16,"column":25},"end":{"line":37,"column":1}},"line":16},"4":{"name":"(anonymous_4)","decl":{"start":{"line":22,"column":25},"end":{"line":22,"column":26}},"loc":{"start":{"line":22,"column":35},"end":{"line":31,"column":3}},"line":22},"5":{"name":"validarEmail","decl":{"start":{"line":39,"column":9},"end":{"line":39,"column":21}},"loc":{"start":{"line":39,"column":29},"end":{"line":42,"column":1}},"line":39},"6":{"name":"parseDataISO","decl":{"start":{"line":44,"column":9},"end":{"line":44,"column":21}},"loc":{"start":{"line":44,"column":29},"end":{"line":56,"column":1}},"line":44},"7":{"name":"calcularIdade","decl":{"start":{"line":58,"column":9},"end":{"line":58,"column":22}},"loc":{"start":{"line":58,"column":58},"end":{"line":66,"column":1}},"line":58},"8":{"name":"validar","decl":{"start":{"line":68,"column":9},"end":{"line":68,"column":16}},"loc":{"start":{"line":68,"column":30},"end":{"line":106,"column":1}},"line":68},"9":{"name":"(anonymous_9)","decl":{"start":{"line":109,"column":2},"end":{"line":109,"column":3}},"loc":{"start":{"line":109,"column":21},"end":{"line":113,"column":3}},"line":109},"10":{"name":"garantirValido","decl":{"start":{"line":116,"column":9},"end":{"line":116,"column":23}},"loc":{"start":{"line":116,"column":32},"end":{"line":121,"column":1}},"line":116}},"branchMap":{"0":{"loc":{"start":{"line":6,"column":2},"end":{"line":6,"column":45}},"type":"if","locations":[{"start":{"line":6,"column":2},"end":{"line":6,"column":45}},{"start":{},"end":{}}],"line":6},"1":{"loc":{"start":{"line":8,"column":2},"end":{"line":8,"column":35}},"type":"if","locations":[{"start":{"line":8,"column":2},"end":{"line":8,"column":35}},{"start":{},"end":{}}],"line":8},"2":{"loc":{"start":{"line":9,"column":2},"end":{"line":9,"column":58}},"type":"if","locations":[{"start":{"line":9,"column":2},"end":{"line":9,"column":58}},{"start":{},"end":{}}],"line":9},"3":{"loc":{"start":{"line":9,"column":6},"end":{"line":9,"column":43}},"type":"binary-expr","locations":[{"start":{"line":9,"column":6},"end":{"line":9,"column":22}},{"start":{"line":9,"column":26},"end":{"line":9,"column":43}}],"line":9},"4":{"loc":{"start":{"line":11,"column":2},"end":{"line":11,"column":49}},"type":"if","locations":[{"start":{"line":11,"column":2},"end":{"line":11,"column":49}},{"start":{},"end":{}}],"line":11},"5":{"loc":{"start":{"line":17,"column":2},"end":{"line":17,"column":71}},"type":"if","locations":[{"start":{"line":17,"column":2},"end":{"line":17,"column":71}},{"start":{},"end":{}}],"line":17},"6":{"loc":{"start":{"line":17,"column":6},"end":{"line":17,"column":56}},"type":"binary-expr","locations":[{"start":{"line":17,"column":6},"end":{"line":17,"column":29}},{"start":{"line":17,"column":33},"end":{"line":17,"column":56}}],"line":17},"7":{"loc":{"start":{"line":19,"column":2},"end":{"line":19,"column":42}},"type":"if","locations":[{"start":{"line":19,"column":2},"end":{"line":19,"column":42}},{"start":{},"end":{}}],"line":19},"8":{"loc":{"start":{"line":20,"column":2},"end":{"line":20,"column":49}},"type":"if","locations":[{"start":{"line":20,"column":2},"end":{"line":20,"column":49}},{"start":{},"end":{}}],"line":20},"9":{"loc":{"start":{"line":30,"column":11},"end":{"line":30,"column":37}},"type":"cond-expr","locations":[{"start":{"line":30,"column":23},"end":{"line":30,"column":24}},{"start":{"line":30,"column":27},"end":{"line":30,"column":37}}],"line":30},"10":{"loc":{"start":{"line":40,"column":2},"end":{"line":40,"column":46}},"type":"if","locations":[{"start":{"line":40,"column":2},"end":{"line":40,"column":46}},{"start":{},"end":{}}],"line":40},"11":{"loc":{"start":{"line":45,"column":2},"end":{"line":45,"column":83}},"type":"if","locations":[{"start":{"line":45,"column":2},"end":{"line":45,"column":83}},{"start":{},"end":{}}],"line":45},"12":{"loc":{"start":{"line":45,"column":6},"end":{"line":45,"column":69}},"type":"binary-expr","locations":[{"start":{"line":45,"column":6},"end":{"line":45,"column":31}},{"start":{"line":45,"column":35},"end":{"line":45,"column":69}}],"line":45},"13":{"loc":{"start":{"line":48,"column":2},"end":{"line":54,"column":3}},"type":"if","locations":[{"start":{"line":48,"column":2},"end":{"line":54,"column":3}},{"start":{},"end":{}}],"line":48},"14":{"loc":{"start":{"line":49,"column":4},"end":{"line":51,"column":29}},"type":"binary-expr","locations":[{"start":{"line":49,"column":4},"end":{"line":49,"column":33}},{"start":{"line":50,"column":4},"end":{"line":50,"column":34}},{"start":{"line":51,"column":4},"end":{"line":51,"column":29}}],"line":49},"15":{"loc":{"start":{"line":58,"column":39},"end":{"line":58,"column":56}},"type":"default-arg","locations":[{"start":{"line":58,"column":46},"end":{"line":58,"column":56}}],"line":58},"16":{"loc":{"start":{"line":61,"column":4},"end":{"line":63,"column":54}},"type":"binary-expr","locations":[{"start":{"line":61,"column":4},"end":{"line":61,"column":53}},{"start":{"line":62,"column":5},"end":{"line":62,"column":56}},{"start":{"line":63,"column":6},"end":{"line":63,"column":53}}],"line":61},"17":{"loc":{"start":{"line":64,"column":2},"end":{"line":64,"column":41}},"type":"if","locations":[{"start":{"line":64,"column":2},"end":{"line":64,"column":41}},{"start":{},"end":{}}],"line":64},"18":{"loc":{"start":{"line":68,"column":17},"end":{"line":68,"column":28}},"type":"default-arg","locations":[{"start":{"line":68,"column":26},"end":{"line":68,"column":28}}],"line":68},"19":{"loc":{"start":{"line":72,"column":2},"end":{"line":74,"column":3}},"type":"if","locations":[{"start":{"line":72,"column":2},"end":{"line":74,"column":3}},{"start":{},"end":{}}],"line":72},"20":{"loc":{"start":{"line":76,"column":2},"end":{"line":78,"column":3}},"type":"if","locations":[{"start":{"line":76,"column":2},"end":{"line":78,"column":3}},{"start":{},"end":{}}],"line":76},"21":{"loc":{"start":{"line":80,"column":2},"end":{"line":82,"column":3}},"type":"if","locations":[{"start":{"line":80,"column":2},"end":{"line":82,"column":3}},{"start":{},"end":{}}],"line":80},"22":{"loc":{"start":{"line":86,"column":2},"end":{"line":95,"column":3}},"type":"if","locations":[{"start":{"line":86,"column":2},"end":{"line":95,"column":3}},{"start":{"line":88,"column":9},"end":{"line":95,"column":3}}],"line":86},"23":{"loc":{"start":{"line":88,"column":9},"end":{"line":95,"column":3}},"type":"if","locations":[{"start":{"line":88,"column":9},"end":{"line":95,"column":3}},{"start":{"line":90,"column":9},"end":{"line":95,"column":3}}],"line":88},"24":{"loc":{"start":{"line":92,"column":4},"end":{"line":94,"column":5}},"type":"if","locations":[{"start":{"line":92,"column":4},"end":{"line":94,"column":5}},{"start":{},"end":{}}],"line":92},"25":{"loc":{"start":{"line":97,"column":2},"end":{"line":103,"column":3}},"type":"if","locations":[{"start":{"line":97,"column":2},"end":{"line":103,"column":3}},{"start":{"line":99,"column":9},"end":{"line":103,"column":3}}],"line":97},"26":{"loc":{"start":{"line":99,"column":9},"end":{"line":103,"column":3}},"type":"if","locations":[{"start":{"line":99,"column":9},"end":{"line":103,"column":3}},{"start":{},"end":{}}],"line":99},"27":{"loc":{"start":{"line":100,"column":4},"end":{"line":102,"column":5}},"type":"if","locations":[{"start":{"line":100,"column":4},"end":{"line":102,"column":5}},{"start":{},"end":{}}],"line":100},"28":{"loc":{"start":{"line":100,"column":8},"end":{"line":100,"column":36}},"type":"binary-expr","locations":[{"start":{"line":100,"column":8},"end":{"line":100,"column":22}},{"start":{"line":100,"column":26},"end":{"line":100,"column":36}}],"line":100},"29":{"loc":{"start":{"line":118,"column":2},"end":{"line":120,"column":3}},"type":"if","locations":[{"start":{"line":118,"column":2},"end":{"line":120,"column":3}},{"start":{},"end":{}}],"line":118}},"s":{"0":17,"1":17,"2":0,"3":17,"4":17,"5":0,"6":17,"7":4,"8":13,"9":13,"10":0,"11":13,"12":26,"13":13,"14":17,"15":0,"16":17,"17":17,"18":2,"19":15,"20":1,"21":14,"22":28,"23":28,"24":28,"25":266,"26":266,"27":28,"28":28,"29":14,"30":14,"31":14,"32":14,"33":17,"34":0,"35":17,"36":17,"37":0,"38":17,"39":17,"40":17,"41":0,"42":17,"43":17,"44":17,"45":17,"46":1,"47":17,"48":17,"49":17,"50":17,"51":5,"52":17,"53":3,"54":17,"55":2,"56":17,"57":17,"58":17,"59":0,"60":17,"61":0,"62":17,"63":17,"64":1,"65":17,"66":1,"67":16,"68":2,"69":1,"70":17,"71":3,"72":3,"73":3,"74":5,"75":5,"76":3,"77":2},"f":{"0":17,"1":17,"2":26,"3":17,"4":28,"5":17,"6":17,"7":17,"8":17,"9":3,"10":5},"b":{"0":[0,17],"1":[0,17],"2":[4,13],"3":[17,13],"4":[0,13],"5":[0,17],"6":[17,0],"7":[2,15],"8":[1,14],"9":[0,28],"10":[0,17],"11":[0,17],"12":[17,17],"13":[0,17],"14":[17,17,17],"15":[0],"16":[17,17,15],"17":[1,16],"18":[0],"19":[5,12],"20":[3,14],"21":[2,15],"22":[0,17],"23":[0,17],"24":[1,16],"25":[1,16],"26":[2,14],"27":[1,1],"28":[2,2],"29":[3,2]},"_coverageSchema":"1a1c01bbd47fc00a2c39e90264f33305004495a9","hash":"e0420c634ea5ce135645a88414486627cbd3c6db"}
}
