TN:
SF:__tests__\mocks\Auth.middleware.mock.js
FN:5,autenticar
FN:22,autorizar
FN:23,(anonymous_2)
FNF:3
FNH:3
FNDA:4,autenticar
FNDA:6,autorizar
FNDA:6,(anonymous_2)
DA:3,1
DA:6,4
DA:7,4
DA:9,4
DA:10,1
DA:13,3
DA:14,3
DA:15,1
DA:16,1
DA:18,2
DA:23,6
DA:24,6
DA:25,1
DA:29,5
DA:33,1
LF:15
LH:15
BRDA:7,0,0,4
BRDA:7,0,1,3
BRDA:9,1,0,1
BRDA:9,1,1,3
BRDA:24,2,0,1
BRDA:24,2,1,5
BRF:6
BRH:6
end_of_record
TN:
SF:__tests__\mocks\Authcontroller.mock.js
FN:4,makeController
FN:5,login
FN:27,perfil
FNF:3
FNH:3
FNDA:8,makeController
FNDA:6,login
FNDA:2,perfil
DA:1,1
DA:2,1
DA:6,6
DA:7,6
DA:8,1
DA:10,5
DA:11,5
DA:12,4
DA:13,4
DA:14,3
DA:15,3
DA:16,2
DA:21,2
DA:23,1
DA:28,2
DA:29,2
DA:30,1
DA:32,1
DA:36,8
DA:39,1
LF:20
LH:20
BRDA:7,0,0,1
BRDA:7,0,1,5
BRDA:7,1,0,6
BRDA:7,1,1,5
BRDA:13,2,0,1
BRDA:13,2,1,3
BRDA:15,3,0,1
BRDA:15,3,1,2
BRF:8
BRH:8
end_of_record
TN:
SF:__tests__\mocks\Estoquecontroller.mock.js
FN:1,makeController
FN:2,listar
FN:9,listarBaixo
FN:16,atualizar
FNF:4
FNH:4
FNDA:10,makeController
FNDA:2,listar
FNDA:3,listarBaixo
FNDA:5,atualizar
DA:3,2
DA:4,2
DA:5,1
DA:6,1
DA:10,3
DA:11,3
DA:12,2
DA:13,1
DA:17,5
DA:18,5
DA:19,4
DA:20,4
DA:21,3
DA:22,2
DA:23,1
DA:26,10
DA:29,1
LF:17
LH:17
BRDA:18,0,0,1
BRDA:18,0,1,4
BRDA:21,1,0,1
BRDA:21,1,1,2
BRF:4
BRH:4
end_of_record
TN:
SF:__tests__\mocks\Pedidoscontroller.mock.js
FN:3,makeController
FN:4,listar
FN:19,buscarPorId
FN:32,criar
FN:97,atualizarStatus
FN:126,remover
FNF:6
FNH:6
FNDA:21,makeController
FNDA:3,listar
FNDA:3,buscarPorId
FNDA:6,criar
FNDA:6,atualizarStatus
FNDA:3,remover
DA:5,3
DA:7,3
DA:8,1
DA:10,2
DA:12,3
DA:13,2
DA:15,1
DA:20,3
DA:21,3
DA:22,3
DA:23,2
DA:24,1
DA:26,1
DA:28,1
DA:33,6
DA:35,6
DA:36,2
DA:39,4
DA:40,4
DA:41,4
DA:43,4
DA:47,4
DA:49,4
DA:50,4
DA:54,4
DA:55,1
DA:56,1
DA:57,1
DA:60,3
DA:62,3
DA:66,3
DA:68,3
DA:69,1
DA:70,1
DA:71,1
DA:74,2
DA:79,2
DA:85,1
DA:87,1
DA:88,1
DA:89,1
DA:91,1
DA:92,1
DA:93,1
DA:98,6
DA:99,6
DA:100,6
DA:102,6
DA:103,6
DA:104,1
DA:107,5
DA:108,1
DA:111,4
DA:116,3
DA:117,1
DA:120,2
DA:122,1
DA:127,3
DA:128,3
DA:129,3
DA:131,2
DA:132,1
DA:135,1
DA:137,1
DA:141,21
DA:144,1
LF:66
LH:66
BRDA:7,0,0,1
BRDA:7,0,1,2
BRDA:23,1,0,1
BRDA:23,1,1,1
BRDA:35,2,0,2
BRDA:35,2,1,4
BRDA:35,3,0,6
BRDA:35,3,1,5
BRDA:45,4,0,4
BRDA:45,4,1,3
BRDA:54,5,0,1
BRDA:54,5,1,3
BRDA:66,6,0,3
BRDA:66,6,1,0
BRDA:68,7,0,1
BRDA:68,7,1,2
BRDA:103,8,0,1
BRDA:103,8,1,5
BRDA:107,9,0,1
BRDA:107,9,1,4
BRDA:107,10,0,5
BRDA:107,10,1,2
BRDA:116,11,0,1
BRDA:116,11,1,2
BRDA:131,12,0,1
BRDA:131,12,1,1
BRF:26
BRH:25
end_of_record
TN:
SF:__tests__\mocks\Produtoscontroller.mock.js
FN:1,makeController
FN:2,listar
FN:9,buscarPorId
FN:17,criar
FN:33,atualizar
FN:42,remover
FNF:6
FNH:6
FNDA:14,makeController
FNDA:2,listar
FNDA:3,buscarPorId
FNDA:3,criar
FNDA:3,atualizar
FNDA:3,remover
DA:3,2
DA:4,2
DA:5,1
DA:6,1
DA:10,3
DA:11,3
DA:12,2
DA:13,1
DA:14,1
DA:18,3
DA:19,3
DA:20,2
DA:21,2
DA:22,2
DA:23,2
DA:24,1
DA:25,1
DA:26,1
DA:28,1
DA:29,1
DA:30,2
DA:34,3
DA:35,3
DA:36,3
DA:37,2
DA:38,1
DA:39,1
DA:43,3
DA:44,3
DA:45,2
DA:46,1
DA:47,1
DA:50,14
DA:53,1
LF:34
LH:34
BRDA:12,0,0,1
BRDA:12,0,1,1
BRDA:19,1,0,1
BRDA:19,1,1,2
BRDA:19,2,0,3
BRDA:19,2,1,2
BRDA:19,2,2,2
BRDA:37,3,0,1
BRDA:37,3,1,1
BRDA:45,4,0,1
BRDA:45,4,1,1
BRF:11
BRH:11
end_of_record
TN:
SF:__tests__\mocks\Usuarioscontroller.mock.js
FN:3,makeController
FN:4,listar
FN:11,buscarPorId
FN:19,criar
FN:34,atualizar
FN:43,remover
FNF:6
FNH:6
FNDA:22,makeController
FNDA:2,listar
FNDA:3,buscarPorId
FNDA:11,criar
FNDA:3,atualizar
FNDA:3,remover
DA:1,1
DA:5,2
DA:6,2
DA:7,1
DA:8,1
DA:12,3
DA:13,3
DA:14,2
DA:15,1
DA:16,1
DA:20,11
DA:21,11
DA:22,7
DA:23,7
DA:24,6
DA:25,6
DA:26,6
DA:27,4
DA:29,2
DA:30,1
DA:35,3
DA:36,3
DA:37,3
DA:38,2
DA:39,1
DA:40,1
DA:44,3
DA:45,3
DA:46,2
DA:47,1
DA:48,1
DA:51,22
DA:54,1
LF:33
LH:33
BRDA:14,0,0,1
BRDA:14,0,1,1
BRDA:21,1,0,4
BRDA:21,1,1,7
BRDA:21,2,0,11
BRDA:21,2,1,10
BRDA:21,2,2,9
BRDA:21,2,3,8
BRDA:23,3,0,1
BRDA:23,3,1,6
BRDA:29,4,0,1
BRDA:29,4,1,1
BRDA:38,5,0,1
BRDA:38,5,1,1
BRDA:46,6,0,1
BRDA:46,6,1,1
BRF:16
BRH:16
end_of_record
TN:
SF:src\services\CadastroPessoaService.js
FN:2,(anonymous_0)
FN:8,(anonymous_1)
FNF:2
FNH:2
FNDA:2,(anonymous_0)
FNDA:2,(anonymous_1)
DA:3,2
DA:4,2
DA:5,2
DA:9,2
DA:10,1
DA:11,1
DA:12,1
DA:16,1
LF:8
LH:8
BRF:0
BRH:0
end_of_record
TN:
SF:src\validations\pessoaFisica.js
FN:1,apenasDigitos
FN:5,validarNome
FN:12,(anonymous_2)
FN:16,validarCPF
FN:22,(anonymous_4)
FN:39,validarEmail
FN:44,parseDataISO
FN:58,calcularIdade
FN:68,validar
FN:109,(anonymous_9)
FN:116,garantirValido
FNF:11
FNH:11
FNDA:17,apenasDigitos
FNDA:17,validarNome
FNDA:26,(anonymous_2)
FNDA:17,validarCPF
FNDA:28,(anonymous_4)
FNDA:17,validarEmail
FNDA:17,parseDataISO
FNDA:17,calcularIdade
FNDA:17,validar
FNDA:3,(anonymous_9)
FNDA:5,garantirValido
DA:2,17
DA:6,17
DA:7,17
DA:8,17
DA:9,17
DA:10,13
DA:11,13
DA:12,26
DA:13,13
DA:17,17
DA:18,17
DA:19,17
DA:20,15
DA:22,14
DA:23,28
DA:24,28
DA:25,28
DA:26,266
DA:27,266
DA:29,28
DA:30,28
DA:33,14
DA:34,14
DA:35,14
DA:36,14
DA:40,17
DA:41,17
DA:45,17
DA:46,17
DA:47,17
DA:48,17
DA:53,0
DA:55,17
DA:59,17
DA:61,17
DA:64,17
DA:65,17
DA:69,17
DA:70,17
DA:72,17
DA:73,5
DA:76,17
DA:77,3
DA:80,17
DA:81,2
DA:84,17
DA:85,17
DA:86,17
DA:87,0
DA:88,17
DA:89,0
DA:91,17
DA:92,17
DA:93,1
DA:97,17
DA:98,1
DA:99,16
DA:100,2
DA:101,1
DA:105,17
DA:110,3
DA:111,3
DA:112,3
DA:117,5
DA:118,5
DA:119,3
DA:123,2
LF:67
LH:64
BRDA:6,0,0,0
BRDA:6,0,1,17
BRDA:8,1,0,0
BRDA:8,1,1,17
BRDA:9,2,0,4
BRDA:9,2,1,13
BRDA:9,3,0,17
BRDA:9,3,1,13
BRDA:11,4,0,0
BRDA:11,4,1,13
BRDA:17,5,0,0
BRDA:17,5,1,17
BRDA:17,6,0,17
BRDA:17,6,1,0
BRDA:19,7,0,2
BRDA:19,7,1,15
BRDA:20,8,0,1
BRDA:20,8,1,14
BRDA:30,9,0,0
BRDA:30,9,1,28
BRDA:40,10,0,0
BRDA:40,10,1,17
BRDA:45,11,0,0
BRDA:45,11,1,17
BRDA:45,12,0,17
BRDA:45,12,1,17
BRDA:48,13,0,0
BRDA:48,13,1,17
BRDA:49,14,0,17
BRDA:49,14,1,17
BRDA:49,14,2,17
BRDA:58,15,0,0
BRDA:61,16,0,17
BRDA:61,16,1,17
BRDA:61,16,2,15
BRDA:64,17,0,1
BRDA:64,17,1,16
BRDA:68,18,0,0
BRDA:72,19,0,5
BRDA:72,19,1,12
BRDA:76,20,0,3
BRDA:76,20,1,14
BRDA:80,21,0,2
BRDA:80,21,1,15
BRDA:86,22,0,0
BRDA:86,22,1,17
BRDA:88,23,0,0
BRDA:88,23,1,17
BRDA:92,24,0,1
BRDA:92,24,1,16
BRDA:97,25,0,1
BRDA:97,25,1,16
BRDA:99,26,0,2
BRDA:99,26,1,14
BRDA:100,27,0,1
BRDA:100,27,1,1
BRDA:100,28,0,2
BRDA:100,28,1,2
BRDA:118,29,0,3
BRDA:118,29,1,2
BRF:60
BRH:47
end_of_record
